info it worked if it ends with ok
verbose cli [ 'node', '/usr/local/bin/npm', '-g', 'install', 'mysql' ]
info using npm@1.1.0-3
info using node@v0.6.9
verbose config file /Users/e115703/.npmrc
verbose config file /usr/local/etc/npmrc
verbose config file /usr/local/lib/node_modules/npm/npmrc
verbose cache add [ 'mysql', null ]
silly cache add: name, spec, args [ undefined, 'mysql', [ 'mysql', null ] ]
verbose parsed url { pathname: 'mysql', path: 'mysql', href: 'mysql' }
verbose addNamed [ 'mysql', '' ]
verbose addNamed [ null, '' ]
silly name, range, hasData [ 'mysql', '', false ]
verbose raw, before any munging mysql
verbose url resolving [ 'https://registry.npmjs.org/', './mysql' ]
verbose url resolved https://registry.npmjs.org/mysql
verbose etag "9XQ0SFBNM90PIJPH3MZRD235M"
http GET https://registry.npmjs.org/mysql
http 304 https://registry.npmjs.org/mysql
silly get cb [ 304,
silly get cb   { server: 'CouchDB/1.2.0 (Erlang OTP/R15B)',
silly get cb     etag: '"9XQ0SFBNM90PIJPH3MZRD235M"',
silly get cb     date: 'Wed, 30 May 2012 03:12:30 GMT',
silly get cb     'content-length': '0' } ]
verbose etag mysql from cache
silly name, range, hasData 2 [ 'mysql', '', true ]
silly versions [ 'mysql',
silly versions   [ '0.1.0',
silly versions     '0.2.0',
silly versions     '0.3.0',
silly versions     '0.4.0',
silly versions     '0.5.0',
silly versions     '0.6.0',
silly versions     '0.7.0',
silly versions     '0.8.0',
silly versions     '0.9.0',
silly versions     '0.9.1',
silly versions     '0.9.2',
silly versions     '0.9.3',
silly versions     '0.9.4',
silly versions     '0.9.5',
silly versions     '2.0.0-preview',
silly versions     '0.9.6',
silly versions     '2.0.0-alpha' ] ]
verbose bin dist [ '0.6-ares1.7.5-DEV-evundefined-openssl0.9.8l-v83.6.6.19-darwin-x64-10.8.0',
verbose bin dist   { shasum: '95a3a9f41f94353c6460664b5867997e88b625bc',
verbose bin dist     tarball: 'http://registry.npmjs.org/mysql/-/mysql-0.9.6.tgz' } ]
verbose caching /Users/e115703/.npm/mysql/0.9.6/package/package.json
verbose loadDefaults mysql@0.9.6
silly resolved [ { name: 'mysql',
silly resolved     version: '0.9.6',
silly resolved     author: 
silly resolved      { name: 'Felix Geisendörfer',
silly resolved        email: 'felix@debuggable.com',
silly resolved        url: 'http://debuggable.com/' },
silly resolved     description: 'A pure node.js JavaScript Client implementing the MySQL protocol.',
silly resolved     homepage: 'https://github.com/felixge/node-mysql',
silly resolved     repository: { type: 'git', url: 'git://github.com/felixge/node-mysql.git' },
silly resolved     main: './index',
silly resolved     scripts: { test: 'make test' },
silly resolved     dependencies: { hashish: '0.0.4' },
silly resolved     devDependencies: { gently: '0.8.0', urun: '0.0.4', utest: '0.0.3' },
silly resolved     engines: { node: '*' },
silly resolved     optionalDependencies: {},
silly resolved     _id: 'mysql@0.9.6',
silly resolved     _engineSupported: true,
silly resolved     _npmVersion: '1.1.0-3',
silly resolved     _nodeVersion: 'v0.6.9',
silly resolved     _defaultsLoaded: true } ]
info into /usr/local/lib mysql@0.9.6
info installOne mysql@0.9.6
info unbuild /usr/local/lib/node_modules/mysql
verbose from cache /Users/e115703/.npm/mysql/0.9.6/package/package.json
verbose mkdir (expected) error ENOENT, no such file or directory '/usr/local/lib/node_modules/___mysql.npm'
verbose unpack_ uid, gid [ undefined, undefined ]
verbose unpackTarget /usr/local/lib/node_modules/mysql
ERR! Could not create /usr/local/lib/node_modules/___mysql.npm
ERR! error installing mysql@0.9.6
info unbuild /usr/local/lib/node_modules/mysql
verbose installOne cb mysql@0.9.6
ERR! Error: EACCES, permission denied '/usr/local/lib/node_modules/___mysql.npm'
ERR! 
ERR! Please try running this command again as root/Administrator.
ERR! 
ERR! System Darwin 10.8.0
ERR! command "node" "/usr/local/bin/npm" "-g" "install" "mysql"
ERR! cwd /Users/e115703/PDII/JavaScript/PDII/db
ERR! node -v v0.6.9
ERR! npm -v 1.1.0-3
ERR! path /usr/local/lib/node_modules/___mysql.npm
ERR! code EACCES
ERR! message EACCES, permission denied '/usr/local/lib/node_modules/___mysql.npm'
ERR! errno {}
verbose exit [ 1, true ]
